<?xml version="1.0" encoding="UTF-8"?>
<!-- Generated by org.testng.reporters.JUnitReportReporter -->
<testsuite skipped="0" hostname="DESKTOP-049QI7N" name="runner.Runner" tests="1" failures="0" timestamp="16 Jun 2020 08:19:52 GMT" time="0.096" errors="0">
  <testcase name="feature" time="0.096" classname="runner.Runner"/>
</testsuite> <!-- runner.Runner -->
